<?xml version="1.0" encoding="UTF-8"?>
<!-- Generated by org.testng.reporters.JUnitReportReporter -->
<testsuite hostname="Abhijnans-MacBook-Pro.local" failures="0" tests="1" name="com.hackathon.UrbanLadder.AppTest" time="0.019" errors="0" timestamp="2024-12-06T15:19:08 IST" skipped="0">
  <testcase classname="com.hackathon.UrbanLadder.AppTest" name="testApp" time="0.019"/>
  <system-out/>
</testsuite> <!-- com.hackathon.UrbanLadder.AppTest -->
